<?xml version="1.0" encoding="UTF-8"?>
<!-- Generated by org.testng.reporters.JUnitReportReporter -->
<testsuite hostname="LAPTOP-1S53FNRU" failures="0" tests="2" name="Way2AutomationTestLayerPackage.AlertTestJava" time="52.839" errors="0" timestamp="2020-05-05T23:28:18 IST" skipped="0">
  <testcase classname="Way2AutomationTestLayerPackage.AlertTestJava" name="VerifyAlertBox" time="23.087"/>
  <testcase classname="Way2AutomationTestLayerPackage.AlertTestJava" name="VerifyInputAlertBox" time="29.752"/>
</testsuite> <!-- Way2AutomationTestLayerPackage.AlertTestJava -->
